2014-12-29 16:40:05 16376 [Note] Plugin 'FEDERATED' is disabled.
2014-12-29 16:40:05 16376 [Note] InnoDB: The InnoDB memory heap is disabled
2014-12-29 16:40:05 16376 [Note] InnoDB: Mutexes and rw_locks use Windows interlocked functions
2014-12-29 16:40:05 16376 [Note] InnoDB: Compressed tables use zlib 1.2.3
2014-12-29 16:40:05 16376 [Note] InnoDB: Not using CPU crc32 instructions
2014-12-29 16:40:05 16376 [Note] InnoDB: Initializing buffer pool, size = 128.0M
2014-12-29 16:40:05 16376 [Note] InnoDB: Completed initialization of buffer pool
2014-12-29 16:40:05 16376 [Note] InnoDB: Setting log file C:\Users\Andy\Desktop\ProjectwerkProg4\DB\mysql\data\ib_logfile101 size to 5 MB
2014-12-29 16:40:06 16376 [Note] InnoDB: Setting log file C:\Users\Andy\Desktop\ProjectwerkProg4\DB\mysql\data\ib_logfile1 size to 5 MB
2014-12-29 16:40:06 16376 [Note] InnoDB: Renaming log file C:\Users\Andy\Desktop\ProjectwerkProg4\DB\mysql\data\ib_logfile101 to C:\Users\Andy\Desktop\ProjectwerkProg4\DB\mysql\data\ib_logfile0
2014-12-29 16:40:07 16376 [Warning] InnoDB: New log files created, LSN=1626134
2014-12-29 16:40:07 16376 [Note] InnoDB: Highest supported file format is Barracuda.
2014-12-29 16:40:08 16376 [Note] InnoDB: 128 rollback segment(s) are active.
2014-12-29 16:40:08 16376 [Note] InnoDB: Waiting for purge to start
2014-12-29 16:40:08 16376 [Note] InnoDB: 5.6.13 started; log sequence number 1626636
2014-12-29 16:40:08 16376 [Warning] No existing UUID has been found, so we assume that this is the first time that this server has been started. Generating a new UUID: f803e1c9-8f70-11e4-af8c-6cc2176dc074.
2014-12-29 16:40:09 16376 [Note] Server hostname (bind-address): '*'; port: 3307
2014-12-29 16:40:09 16376 [Note] IPv6 is available.
2014-12-29 16:40:09 16376 [Note]   - '::' resolves to '::';
2014-12-29 16:40:09 16376 [Note] Server socket created on IP: '::'.
2014-12-30 13:51:28 12144 [Note] Plugin 'FEDERATED' is disabled.
2014-12-30 13:51:28 12144 [Note] InnoDB: The InnoDB memory heap is disabled
2014-12-30 13:51:28 12144 [Note] InnoDB: Mutexes and rw_locks use Windows interlocked functions
2014-12-30 13:51:28 12144 [Note] InnoDB: Compressed tables use zlib 1.2.3
2014-12-30 13:51:28 12144 [Note] InnoDB: Not using CPU crc32 instructions
2014-12-30 13:51:28 12144 [Note] InnoDB: Initializing buffer pool, size = 128.0M
2014-12-30 13:51:28 12144 [Note] InnoDB: Completed initialization of buffer pool
2014-12-30 13:51:28 12144 [Note] InnoDB: Highest supported file format is Barracuda.
2014-12-30 13:51:28 12144 [Note] InnoDB: The log sequence numbers 1626134 and 1626134 in ibdata files do not match the log sequence number 1626646 in the ib_logfiles!
2014-12-30 13:51:28 12144 [Note] InnoDB: Database was not shutdown normally!
2014-12-30 13:51:28 12144 [Note] InnoDB: Starting crash recovery.
2014-12-30 13:51:28 12144 [Note] InnoDB: Reading tablespace information from the .ibd files...
2014-12-30 13:51:28 12144 [Note] InnoDB: Restoring possible half-written data pages 
2014-12-30 13:51:28 12144 [Note] InnoDB: from the doublewrite buffer...
2014-12-30 13:51:30 12144 [Note] InnoDB: 128 rollback segment(s) are active.
2014-12-30 13:51:30 12144 [Note] InnoDB: Waiting for purge to start
2014-12-30 13:51:30 12144 [Note] InnoDB: 5.6.13 started; log sequence number 1626646
2014-12-30 13:51:30 12144 [Note] Server hostname (bind-address): '*'; port: 3307
2014-12-30 13:51:30 12144 [Note] IPv6 is available.
2014-12-30 13:51:30 12144 [Note]   - '::' resolves to '::';
2014-12-30 13:51:30 12144 [Note] Server socket created on IP: '::'.
2015-01-10 13:37:25 13700 [Note] Plugin 'FEDERATED' is disabled.
2015-01-10 13:37:26 13700 [Note] InnoDB: The InnoDB memory heap is disabled
2015-01-10 13:37:26 13700 [Note] InnoDB: Mutexes and rw_locks use Windows interlocked functions
2015-01-10 13:37:26 13700 [Note] InnoDB: Compressed tables use zlib 1.2.3
2015-01-10 13:37:26 13700 [Note] InnoDB: Not using CPU crc32 instructions
2015-01-10 13:37:26 13700 [Note] InnoDB: Initializing buffer pool, size = 128.0M
2015-01-10 13:37:26 13700 [Note] InnoDB: Completed initialization of buffer pool
2015-01-10 13:37:26 13700 [Note] InnoDB: Highest supported file format is Barracuda.
2015-01-10 13:37:26 13700 [Note] InnoDB: The log sequence numbers 1626134 and 1626134 in ibdata files do not match the log sequence number 2289008 in the ib_logfiles!
2015-01-10 13:37:26 13700 [Note] InnoDB: Database was not shutdown normally!
2015-01-10 13:37:26 13700 [Note] InnoDB: Starting crash recovery.
2015-01-10 13:37:26 13700 [Note] InnoDB: Reading tablespace information from the .ibd files...
2015-01-10 13:37:27 13700 [Note] InnoDB: Restoring possible half-written data pages 
2015-01-10 13:37:27 13700 [Note] InnoDB: from the doublewrite buffer...
2015-01-10 13:37:29 13700 [Note] InnoDB: 128 rollback segment(s) are active.
2015-01-10 13:37:29 13700 [Note] InnoDB: Waiting for purge to start
2015-01-10 13:37:29 13700 [Note] InnoDB: 5.6.13 started; log sequence number 2289008
2015-01-10 13:37:29 13700 [Note] Server hostname (bind-address): '*'; port: 3307
2015-01-10 13:37:29 13700 [Note] IPv6 is available.
2015-01-10 13:37:29 13700 [Note]   - '::' resolves to '::';
2015-01-10 13:37:29 13700 [Note] Server socket created on IP: '::'.
2015-01-10 14:20:35 1060 [Note] Plugin 'FEDERATED' is disabled.
2015-01-10 14:20:35 1060 [Note] InnoDB: The InnoDB memory heap is disabled
2015-01-10 14:20:35 1060 [Note] InnoDB: Mutexes and rw_locks use Windows interlocked functions
2015-01-10 14:20:35 1060 [Note] InnoDB: Compressed tables use zlib 1.2.3
2015-01-10 14:20:35 1060 [Note] InnoDB: Not using CPU crc32 instructions
2015-01-10 14:20:35 1060 [Note] InnoDB: Initializing buffer pool, size = 128.0M
2015-01-10 14:20:35 1060 [Note] InnoDB: Completed initialization of buffer pool
2015-01-10 14:20:35 1060 [Note] InnoDB: Highest supported file format is Barracuda.
2015-01-10 14:20:35 1060 [Note] InnoDB: The log sequence numbers 1626134 and 1626134 in ibdata files do not match the log sequence number 2289018 in the ib_logfiles!
2015-01-10 14:20:35 1060 [Note] InnoDB: Database was not shutdown normally!
2015-01-10 14:20:35 1060 [Note] InnoDB: Starting crash recovery.
2015-01-10 14:20:35 1060 [Note] InnoDB: Reading tablespace information from the .ibd files...
2015-01-10 14:20:35 1060 [Note] InnoDB: Restoring possible half-written data pages 
2015-01-10 14:20:35 1060 [Note] InnoDB: from the doublewrite buffer...
2015-01-10 14:20:37 1060 [Note] InnoDB: 128 rollback segment(s) are active.
2015-01-10 14:20:37 1060 [Note] InnoDB: Waiting for purge to start
2015-01-10 14:20:37 1060 [Note] InnoDB: 5.6.13 started; log sequence number 2289018
2015-01-10 14:20:37 1060 [Note] Server hostname (bind-address): '*'; port: 3307
2015-01-10 14:20:37 1060 [Note] IPv6 is available.
2015-01-10 14:20:37 1060 [Note]   - '::' resolves to '::';
2015-01-10 14:20:37 1060 [Note] Server socket created on IP: '::'.
2015-01-15 13:50:33 7036 [Note] Plugin 'FEDERATED' is disabled.
2015-01-15 13:50:33 7036 [Note] InnoDB: The InnoDB memory heap is disabled
2015-01-15 13:50:33 7036 [Note] InnoDB: Mutexes and rw_locks use Windows interlocked functions
2015-01-15 13:50:33 7036 [Note] InnoDB: Compressed tables use zlib 1.2.3
2015-01-15 13:50:33 7036 [Note] InnoDB: Not using CPU crc32 instructions
2015-01-15 13:50:33 7036 [Note] InnoDB: Initializing buffer pool, size = 128.0M
2015-01-15 13:50:33 7036 [Note] InnoDB: Completed initialization of buffer pool
2015-01-15 13:50:33 7036 [Note] InnoDB: Highest supported file format is Barracuda.
2015-01-15 13:50:33 7036 [Note] InnoDB: The log sequence numbers 1626134 and 1626134 in ibdata files do not match the log sequence number 8186048 in the ib_logfiles!
2015-01-15 13:50:33 7036 [Note] InnoDB: Database was not shutdown normally!
2015-01-15 13:50:33 7036 [Note] InnoDB: Starting crash recovery.
2015-01-15 13:50:33 7036 [Note] InnoDB: Reading tablespace information from the .ibd files...
2015-01-15 13:50:33 7036 [Note] InnoDB: Restoring possible half-written data pages 
2015-01-15 13:50:33 7036 [Note] InnoDB: from the doublewrite buffer...
2015-01-15 13:50:35 7036 [Note] InnoDB: 128 rollback segment(s) are active.
2015-01-15 13:50:35 7036 [Note] InnoDB: Waiting for purge to start
2015-01-15 13:50:35 7036 [Note] InnoDB: 5.6.13 started; log sequence number 8186048
2015-01-15 13:50:36 7036 [Note] Server hostname (bind-address): '*'; port: 3307
2015-01-15 13:50:36 7036 [Note] IPv6 is available.
2015-01-15 13:50:36 7036 [Note]   - '::' resolves to '::';
2015-01-15 13:50:36 7036 [Note] Server socket created on IP: '::'.
2015-01-15 13:50:37 7036 [Note] Event Scheduler: Loaded 0 events
2015-01-15 13:50:37 7036 [Note] C:\Users\Andy\Documents\ImportantProjects\projectProgrammeren4\Database\DB/mysql/bin/mysqld_usbwv8.exe: ready for connections.
Version: '5.6.13'  socket: ''  port: 3307  MySQL Community Server (GPL)
2015-01-16 15:55:33 8360 [Note] Plugin 'FEDERATED' is disabled.
2015-01-16 15:55:33 8360 [Note] InnoDB: The InnoDB memory heap is disabled
2015-01-16 15:55:33 8360 [Note] InnoDB: Mutexes and rw_locks use Windows interlocked functions
2015-01-16 15:55:33 8360 [Note] InnoDB: Compressed tables use zlib 1.2.3
2015-01-16 15:55:33 8360 [Note] InnoDB: Not using CPU crc32 instructions
2015-01-16 15:55:33 8360 [Note] InnoDB: Initializing buffer pool, size = 128.0M
2015-01-16 15:55:33 8360 [Note] InnoDB: Completed initialization of buffer pool
2015-01-16 15:55:33 8360 [Note] InnoDB: Highest supported file format is Barracuda.
2015-01-16 15:55:33 8360 [Note] InnoDB: The log sequence numbers 1626134 and 1626134 in ibdata files do not match the log sequence number 8206265 in the ib_logfiles!
2015-01-16 15:55:33 8360 [Note] InnoDB: Database was not shutdown normally!
2015-01-16 15:55:33 8360 [Note] InnoDB: Starting crash recovery.
2015-01-16 15:55:33 8360 [Note] InnoDB: Reading tablespace information from the .ibd files...
2015-01-16 15:55:33 8360 [Note] InnoDB: Restoring possible half-written data pages 
2015-01-16 15:55:33 8360 [Note] InnoDB: from the doublewrite buffer...
2015-01-16 15:55:35 8360 [Note] InnoDB: 128 rollback segment(s) are active.
2015-01-16 15:55:35 8360 [Note] InnoDB: Waiting for purge to start
2015-01-16 15:55:35 8360 [Note] InnoDB: 5.6.13 started; log sequence number 8206265
2015-01-16 15:55:35 8360 [Note] Server hostname (bind-address): '*'; port: 3307
2015-01-16 15:55:35 8360 [Note] IPv6 is available.
2015-01-16 15:55:35 8360 [Note]   - '::' resolves to '::';
2015-01-16 15:55:35 8360 [Note] Server socket created on IP: '::'.
2015-01-21 18:05:54 5404 [Note] Plugin 'FEDERATED' is disabled.
2015-01-21 18:05:54 5404 [Note] InnoDB: The InnoDB memory heap is disabled
2015-01-21 18:05:54 5404 [Note] InnoDB: Mutexes and rw_locks use Windows interlocked functions
2015-01-21 18:05:54 5404 [Note] InnoDB: Compressed tables use zlib 1.2.3
2015-01-21 18:05:54 5404 [Note] InnoDB: Not using CPU crc32 instructions
2015-01-21 18:05:54 5404 [Note] InnoDB: Initializing buffer pool, size = 128.0M
2015-01-21 18:05:54 5404 [Note] InnoDB: Completed initialization of buffer pool
2015-01-21 18:05:55 5404 [Note] InnoDB: Highest supported file format is Barracuda.
2015-01-21 18:05:55 5404 [Note] InnoDB: The log sequence numbers 1626134 and 1626134 in ibdata files do not match the log sequence number 8367979 in the ib_logfiles!
2015-01-21 18:05:55 5404 [Note] InnoDB: Database was not shutdown normally!
2015-01-21 18:05:55 5404 [Note] InnoDB: Starting crash recovery.
2015-01-21 18:05:55 5404 [Note] InnoDB: Reading tablespace information from the .ibd files...
2015-01-21 18:05:55 5404 [Note] InnoDB: Restoring possible half-written data pages 
2015-01-21 18:05:55 5404 [Note] InnoDB: from the doublewrite buffer...
2015-01-21 18:05:58 5404 [Note] InnoDB: 128 rollback segment(s) are active.
2015-01-21 18:05:58 5404 [Note] InnoDB: Waiting for purge to start
2015-01-21 18:05:58 5404 [Note] InnoDB: 5.6.13 started; log sequence number 8367979
2015-01-21 18:05:58 5404 [Note] Server hostname (bind-address): '*'; port: 3307
2015-01-21 18:05:58 5404 [Note] IPv6 is available.
2015-01-21 18:05:58 5404 [Note]   - '::' resolves to '::';
2015-01-21 18:05:58 5404 [Note] Server socket created on IP: '::'.
2015-01-22 13:19:07 3936 [Note] Plugin 'FEDERATED' is disabled.
2015-01-22 13:19:07 3936 [Note] InnoDB: The InnoDB memory heap is disabled
2015-01-22 13:19:07 3936 [Note] InnoDB: Mutexes and rw_locks use Windows interlocked functions
2015-01-22 13:19:07 3936 [Note] InnoDB: Compressed tables use zlib 1.2.3
2015-01-22 13:19:07 3936 [Note] InnoDB: Not using CPU crc32 instructions
2015-01-22 13:19:07 3936 [Note] InnoDB: Initializing buffer pool, size = 128.0M
2015-01-22 13:19:07 3936 [Note] InnoDB: Completed initialization of buffer pool
2015-01-22 13:19:07 3936 [Note] InnoDB: Highest supported file format is Barracuda.
2015-01-22 13:19:07 3936 [Note] InnoDB: The log sequence numbers 1626134 and 1626134 in ibdata files do not match the log sequence number 8518610 in the ib_logfiles!
2015-01-22 13:19:07 3936 [Note] InnoDB: Database was not shutdown normally!
2015-01-22 13:19:07 3936 [Note] InnoDB: Starting crash recovery.
2015-01-22 13:19:07 3936 [Note] InnoDB: Reading tablespace information from the .ibd files...
2015-01-22 13:19:07 3936 [Note] InnoDB: Restoring possible half-written data pages 
2015-01-22 13:19:07 3936 [Note] InnoDB: from the doublewrite buffer...
2015-01-22 13:19:09 3936 [Note] InnoDB: 128 rollback segment(s) are active.
2015-01-22 13:19:09 3936 [Note] InnoDB: Waiting for purge to start
2015-01-22 13:19:09 3936 [Note] InnoDB: 5.6.13 started; log sequence number 8518610
2015-01-22 13:19:09 3936 [Note] Server hostname (bind-address): '*'; port: 3307
2015-01-22 13:19:09 3936 [Note] IPv6 is available.
2015-01-22 13:19:09 3936 [Note]   - '::' resolves to '::';
2015-01-22 13:19:09 3936 [Note] Server socket created on IP: '::'.
2015-01-22 20:58:10 8720 [Note] Plugin 'FEDERATED' is disabled.
2015-01-22 20:58:10 8720 [Note] InnoDB: The InnoDB memory heap is disabled
2015-01-22 20:58:10 8720 [Note] InnoDB: Mutexes and rw_locks use Windows interlocked functions
2015-01-22 20:58:10 8720 [Note] InnoDB: Compressed tables use zlib 1.2.3
2015-01-22 20:58:10 8720 [Note] InnoDB: Not using CPU crc32 instructions
2015-01-22 20:58:10 8720 [Note] InnoDB: Initializing buffer pool, size = 128.0M
2015-01-22 20:58:10 8720 [Note] InnoDB: Completed initialization of buffer pool
2015-01-22 20:58:10 8720 [Note] InnoDB: Highest supported file format is Barracuda.
2015-01-22 20:58:10 8720 [Note] InnoDB: The log sequence numbers 1626134 and 1626134 in ibdata files do not match the log sequence number 8584501 in the ib_logfiles!
2015-01-22 20:58:10 8720 [Note] InnoDB: Database was not shutdown normally!
2015-01-22 20:58:10 8720 [Note] InnoDB: Starting crash recovery.
2015-01-22 20:58:10 8720 [Note] InnoDB: Reading tablespace information from the .ibd files...
2015-01-22 20:58:10 8720 [Note] InnoDB: Restoring possible half-written data pages 
2015-01-22 20:58:10 8720 [Note] InnoDB: from the doublewrite buffer...
2015-01-22 20:58:11 8720 [Note] InnoDB: 128 rollback segment(s) are active.
2015-01-22 20:58:11 8720 [Note] InnoDB: Waiting for purge to start
2015-01-22 20:58:11 8720 [Note] InnoDB: 5.6.13 started; log sequence number 8584501
2015-01-22 20:58:11 8720 [Note] Server hostname (bind-address): '*'; port: 3307
2015-01-22 20:58:11 8720 [Note] IPv6 is available.
2015-01-22 20:58:11 8720 [Note]   - '::' resolves to '::';
2015-01-22 20:58:11 8720 [Note] Server socket created on IP: '::'.
2015-01-24 15:28:11 9716 [Note] Plugin 'FEDERATED' is disabled.
2015-01-24 15:28:11 9716 [Note] InnoDB: The InnoDB memory heap is disabled
2015-01-24 15:28:11 9716 [Note] InnoDB: Mutexes and rw_locks use Windows interlocked functions
2015-01-24 15:28:11 9716 [Note] InnoDB: Compressed tables use zlib 1.2.3
2015-01-24 15:28:11 9716 [Note] InnoDB: Not using CPU crc32 instructions
2015-01-24 15:28:11 9716 [Note] InnoDB: Initializing buffer pool, size = 128.0M
2015-01-24 15:28:11 9716 [Note] InnoDB: Completed initialization of buffer pool
2015-01-24 15:28:11 9716 [ERROR] InnoDB: C:\Users\Andy\Documents\ImportantProjects\projectProgrammeren4\Database\DB\mysql\data\ibdata1 can't be opened in read-write mode
2015-01-24 15:28:11 9716 [ERROR] InnoDB: The system tablespace must be writable!
2015-01-24 15:28:11 9716 [ERROR] Plugin 'InnoDB' init function returned error.
2015-01-24 15:28:11 9716 [ERROR] Plugin 'InnoDB' registration as a STORAGE ENGINE failed.
2015-01-24 15:28:11 9716 [ERROR] Unknown/unsupported storage engine: InnoDB
2015-01-24 15:28:11 9716 [ERROR] Aborting

2015-01-24 15:28:11 9716 [Note] Binlog end
2015-01-24 15:28:11 9716 [Note] Shutting down plugin 'partition'
2015-01-24 15:28:11 9716 [Note] Shutting down plugin 'PERFORMANCE_SCHEMA'
2015-01-24 15:28:11 9716 [Note] Shutting down plugin 'INNODB_SYS_DATAFILES'
2015-01-24 15:28:11 9716 [Note] Shutting down plugin 'INNODB_SYS_TABLESPACES'
2015-01-24 15:28:11 9716 [Note] Shutting down plugin 'INNODB_SYS_FOREIGN_COLS'
2015-01-24 15:28:11 9716 [Note] Shutting down plugin 'INNODB_SYS_FOREIGN'
2015-01-24 15:28:11 9716 [Note] Shutting down plugin 'INNODB_SYS_FIELDS'
2015-01-24 15:28:11 9716 [Note] Shutting down plugin 'INNODB_SYS_COLUMNS'
2015-01-24 15:28:11 9716 [Note] Shutting down plugin 'INNODB_SYS_INDEXES'
2015-01-24 15:28:11 9716 [Note] Shutting down plugin 'INNODB_SYS_TABLESTATS'
2015-01-24 15:28:11 9716 [Note] Shutting down plugin 'INNODB_SYS_TABLES'
2015-01-24 15:28:11 9716 [Note] Shutting down plugin 'INNODB_FT_INDEX_TABLE'
2015-01-24 15:28:11 9716 [Note] Shutting down plugin 'INNODB_FT_INDEX_CACHE'
2015-01-24 15:28:11 9716 [Note] Shutting down plugin 'INNODB_FT_CONFIG'
2015-01-24 15:28:11 9716 [Note] Shutting down plugin 'INNODB_FT_BEING_DELETED'
2015-01-24 15:28:11 9716 [Note] Shutting down plugin 'INNODB_FT_DELETED'
2015-01-24 15:28:11 9716 [Note] Shutting down plugin 'INNODB_FT_DEFAULT_STOPWORD'
2015-01-24 15:28:11 9716 [Note] Shutting down plugin 'INNODB_METRICS'
2015-01-24 15:28:11 9716 [Note] Shutting down plugin 'INNODB_BUFFER_POOL_STATS'
2015-01-24 15:28:11 9716 [Note] Shutting down plugin 'INNODB_BUFFER_PAGE_LRU'
2015-01-24 15:28:11 9716 [Note] Shutting down plugin 'INNODB_BUFFER_PAGE'
2015-01-24 15:28:11 9716 [Note] Shutting down plugin 'INNODB_CMP_PER_INDEX_RESET'
2015-01-24 15:28:11 9716 [Note] Shutting down plugin 'INNODB_CMP_PER_INDEX'
2015-01-24 15:28:11 9716 [Note] Shutting down plugin 'INNODB_CMPMEM_RESET'
2015-01-24 15:28:11 9716 [Note] Shutting down plugin 'INNODB_CMPMEM'
2015-01-24 15:28:11 9716 [Note] Shutting down plugin 'INNODB_CMP_RESET'
2015-01-24 15:28:11 9716 [Note] Shutting down plugin 'INNODB_CMP'
2015-01-24 15:28:11 9716 [Note] Shutting down plugin 'INNODB_LOCK_WAITS'
2015-01-24 15:28:11 9716 [Note] Shutting down plugin 'INNODB_LOCKS'
2015-01-24 15:28:11 9716 [Note] Shutting down plugin 'INNODB_TRX'
2015-01-24 15:28:11 9716 [Note] Shutting down plugin 'BLACKHOLE'
2015-01-24 15:28:11 9716 [Note] Shutting down plugin 'ARCHIVE'
2015-01-24 15:28:11 9716 [Note] Shutting down plugin 'MRG_MYISAM'
2015-01-24 15:28:11 9716 [Note] Shutting down plugin 'MyISAM'
2015-01-24 15:28:11 9716 [Note] Shutting down plugin 'MEMORY'
2015-01-24 15:28:11 9716 [Note] Shutting down plugin 'CSV'
2015-01-24 15:28:11 9716 [Note] Shutting down plugin 'sha256_password'
2015-01-24 15:28:11 9716 [Note] Shutting down plugin 'mysql_old_password'
2015-01-24 15:28:11 9716 [Note] Shutting down plugin 'mysql_native_password'
2015-01-24 15:28:11 9716 [Note] Shutting down plugin 'binlog'
2015-01-24 15:28:11 9716 [Note] C:\Users\Andy\Documents\ImportantProjects\projectProgrammeren4\Database\DB/mysql/bin/mysqld_usbwv8.exe: Shutdown complete

2015-01-24 16:45:46 3088 [Note] Plugin 'FEDERATED' is disabled.
2015-01-24 16:45:46 3088 [Note] InnoDB: The InnoDB memory heap is disabled
2015-01-24 16:45:46 3088 [Note] InnoDB: Mutexes and rw_locks use Windows interlocked functions
2015-01-24 16:45:46 3088 [Note] InnoDB: Compressed tables use zlib 1.2.3
2015-01-24 16:45:46 3088 [Note] InnoDB: Not using CPU crc32 instructions
2015-01-24 16:45:46 3088 [Note] InnoDB: Initializing buffer pool, size = 128.0M
2015-01-24 16:45:46 3088 [Note] InnoDB: Completed initialization of buffer pool
2015-01-24 16:45:46 3088 [Note] InnoDB: Highest supported file format is Barracuda.
2015-01-24 16:45:46 3088 [Note] InnoDB: The log sequence numbers 1626134 and 1626134 in ibdata files do not match the log sequence number 8631248 in the ib_logfiles!
2015-01-24 16:45:46 3088 [Note] InnoDB: Database was not shutdown normally!
2015-01-24 16:45:46 3088 [Note] InnoDB: Starting crash recovery.
2015-01-24 16:45:46 3088 [Note] InnoDB: Reading tablespace information from the .ibd files...
2015-01-24 16:45:47 3088 [Note] InnoDB: Restoring possible half-written data pages 
2015-01-24 16:45:47 3088 [Note] InnoDB: from the doublewrite buffer...
2015-01-24 16:45:49 3088 [Note] InnoDB: 128 rollback segment(s) are active.
2015-01-24 16:45:49 3088 [Note] InnoDB: Waiting for purge to start
2015-01-24 16:45:49 3088 [Note] InnoDB: 5.6.13 started; log sequence number 8631248
2015-01-24 16:45:49 3088 [Note] Server hostname (bind-address): '*'; port: 3307
2015-01-24 16:45:49 3088 [Note] IPv6 is available.
2015-01-24 16:45:49 3088 [Note]   - '::' resolves to '::';
2015-01-24 16:45:49 3088 [Note] Server socket created on IP: '::'.
2015-01-25 00:52:34 3480 [Note] Plugin 'FEDERATED' is disabled.
2015-01-25 00:52:35 3480 [Note] InnoDB: The InnoDB memory heap is disabled
2015-01-25 00:52:35 3480 [Note] InnoDB: Mutexes and rw_locks use Windows interlocked functions
2015-01-25 00:52:35 3480 [Note] InnoDB: Compressed tables use zlib 1.2.3
2015-01-25 00:52:35 3480 [Note] InnoDB: Not using CPU crc32 instructions
2015-01-25 00:52:35 3480 [Note] InnoDB: Initializing buffer pool, size = 128.0M
2015-01-25 00:52:35 3480 [Note] InnoDB: Completed initialization of buffer pool
2015-01-25 00:52:35 3480 [Note] InnoDB: Highest supported file format is Barracuda.
2015-01-25 00:52:35 3480 [Note] InnoDB: The log sequence numbers 1626134 and 1626134 in ibdata files do not match the log sequence number 8631258 in the ib_logfiles!
2015-01-25 00:52:35 3480 [Note] InnoDB: Database was not shutdown normally!
2015-01-25 00:52:35 3480 [Note] InnoDB: Starting crash recovery.
2015-01-25 00:52:35 3480 [Note] InnoDB: Reading tablespace information from the .ibd files...
2015-01-25 00:52:35 3480 [Note] InnoDB: Restoring possible half-written data pages 
2015-01-25 00:52:35 3480 [Note] InnoDB: from the doublewrite buffer...
2015-01-25 00:52:37 3480 [Note] InnoDB: 128 rollback segment(s) are active.
2015-01-25 00:52:37 3480 [Note] InnoDB: Waiting for purge to start
2015-01-25 00:52:37 3480 [Note] InnoDB: 5.6.13 started; log sequence number 8631258
2015-01-25 00:52:37 3480 [Note] Server hostname (bind-address): '*'; port: 3307
2015-01-25 00:52:37 3480 [Note] IPv6 is available.
2015-01-25 00:52:37 3480 [Note]   - '::' resolves to '::';
2015-01-25 00:52:37 3480 [Note] Server socket created on IP: '::'.
2015-01-25 19:18:03 9452 [Note] Plugin 'FEDERATED' is disabled.
2015-01-25 19:18:03 9452 [Note] InnoDB: The InnoDB memory heap is disabled
2015-01-25 19:18:03 9452 [Note] InnoDB: Mutexes and rw_locks use Windows interlocked functions
2015-01-25 19:18:03 9452 [Note] InnoDB: Compressed tables use zlib 1.2.3
2015-01-25 19:18:03 9452 [Note] InnoDB: Not using CPU crc32 instructions
2015-01-25 19:18:03 9452 [Note] InnoDB: Initializing buffer pool, size = 128.0M
2015-01-25 19:18:03 9452 [Note] InnoDB: Completed initialization of buffer pool
2015-01-25 19:18:03 9452 [Note] InnoDB: Highest supported file format is Barracuda.
2015-01-25 19:18:03 9452 [Note] InnoDB: The log sequence numbers 1626134 and 1626134 in ibdata files do not match the log sequence number 8631324 in the ib_logfiles!
2015-01-25 19:18:03 9452 [Note] InnoDB: Database was not shutdown normally!
2015-01-25 19:18:03 9452 [Note] InnoDB: Starting crash recovery.
2015-01-25 19:18:03 9452 [Note] InnoDB: Reading tablespace information from the .ibd files...
2015-01-25 19:18:03 9452 [Note] InnoDB: Restoring possible half-written data pages 
2015-01-25 19:18:03 9452 [Note] InnoDB: from the doublewrite buffer...
2015-01-25 19:18:06 9452 [Note] InnoDB: 128 rollback segment(s) are active.
2015-01-25 19:18:06 9452 [Note] InnoDB: Waiting for purge to start
2015-01-25 19:18:06 9452 [Note] InnoDB: 5.6.13 started; log sequence number 8631324
2015-01-25 19:18:06 9452 [Note] Server hostname (bind-address): '*'; port: 3307
2015-01-25 19:18:06 9452 [Note] IPv6 is available.
2015-01-25 19:18:06 9452 [Note]   - '::' resolves to '::';
2015-01-25 19:18:06 9452 [Note] Server socket created on IP: '::'.
