::1 - - [22/Jan/2015:20:58:25 +0100] "GET /phpmyadmin/ HTTP/1.1" 200 8091
::1 - - [22/Jan/2015:20:58:25 +0100] "GET /phpmyadmin/js/get_scripts.js.php?scripts[]=jquery/jquery-1.8.3.js&scripts[]=ajax.js&scripts[]=keyhandler.js&scripts[]=jquery/jquery-ui-1.9.2.custom.js&scripts[]=jquery/jquery.sprintf.js&scripts[]=jquery/jquery.cookie.js&scripts[]=jquery/jquery.mousewheel.js&scripts[]=jquery/jquery.event.drag-2.2.js&scripts[]=jquery/jquery-ui-timepicker-addon.js&scripts[]=jquery/jquery.ba-hashchange-1.3.js&scripts[]=jquery/jquery.debounce-1.0.5.js&scripts[]=jquery/jquery.menuResizer-1.0.js&scripts[]=rte.js&scripts[]=functions.js&scripts[]=navigation.js&scripts[]=indexes.js&scripts[]=common.js&scripts[]=codemirror/lib/codemirror.js&scripts[]=codemirror/mode/mysql/mysql.js HTTP/1.1" 200 578562
::1 - - [22/Jan/2015:20:58:25 +0100] "GET /phpmyadmin/ HTTP/1.1" 200 8091
::1 - - [22/Jan/2015:20:58:25 +0100] "GET /phpmyadmin/phpmyadmin.css.php?server=1&token=ed856897e90a2973ac3304a6bec28c82&nocache=4125195912ltr HTTP/1.1" 200 88608
::1 - - [22/Jan/2015:20:58:25 +0100] "GET /phpmyadmin/js/messages.php?lang=en&db=&server=0&token=ed856897e90a2973ac3304a6bec28c82 HTTP/1.1" 200 16674
::1 - - [22/Jan/2015:20:58:25 +0100] "GET /phpmyadmin/js/get_image.js.php?theme=pmahomme HTTP/1.1" 200 6263
::1 - - [22/Jan/2015:20:58:33 +0100] "POST /phpmyadmin/index.php HTTP/1.1" 302 -
::1 - - [22/Jan/2015:20:58:33 +0100] "GET /phpmyadmin/index.php?token=ed856897e90a2973ac3304a6bec28c82 HTTP/1.1" 200 43432
::1 - - [22/Jan/2015:20:58:33 +0100] "GET /phpmyadmin/phpmyadmin.css.php?server=1&token=ed856897e90a2973ac3304a6bec28c82&nocache=5547055878ltr HTTP/1.1" 200 88608
::1 - - [22/Jan/2015:20:58:34 +0100] "GET /phpmyadmin/version_check.php?&_nocache=1421956714344495969 HTTP/1.1" 200 39
::1 - - [22/Jan/2015:20:58:49 +0100] "GET /phpmyadmin/navigation.php?ajax_request=1&token=ed856897e90a2973ac3304a6bec28c82&aPath=cm9vdA%3D%3D.a2FzYm9la2Ri&vPath=cm9vdA%3D%3D.a2FzYm9la2Ri&pos=0&pos2_name=&pos2_value=&searchClause=&searchClause2=&_nocache=1421956729044846727 HTTP/1.1" 200 2850
::1 - - [22/Jan/2015:20:58:51 +0100] "GET /phpmyadmin/tbl_create.php?server=1&db=kasboekdb&token=ed856897e90a2973ac3304a6bec28c82&ajax_request=true&ajax_page_request=true&menuHashes=028f6ac1&_nocache=1421956730984352688 HTTP/1.1" 200 166768
::1 - - [22/Jan/2015:21:00:06 +0100] "POST /phpmyadmin/tbl_create.php HTTP/1.1" 200 195775
::1 - - [22/Jan/2015:21:08:03 +0100] "POST /phpmyadmin/tbl_create.php HTTP/1.1" 200 8701
::1 - - [22/Jan/2015:21:08:04 +0100] "GET /phpmyadmin/db_structure.php?token=ed856897e90a2973ac3304a6bec28c82&server=1&db=kasboekdb&table=&ajax_request=true&ajax_page_request=true&menuHashes=028f6ac1-1ffe9575&_nocache=142195728464281648 HTTP/1.1" 200 20652
::1 - - [22/Jan/2015:21:08:04 +0100] "POST /phpmyadmin/navigation.php?ajax_request=1&token=ed856897e90a2973ac3304a6bec28c82 HTTP/1.1" 200 4980
::1 - - [22/Jan/2015:21:08:05 +0100] "GET /phpmyadmin/js/get_scripts.js.php?scripts[]=db_structure.js&scripts[]=tbl_change.js HTTP/1.1" 200 12382
::1 - - [22/Jan/2015:21:08:07 +0100] "GET /phpmyadmin/sql.php?db=kasboekdb&token=ed856897e90a2973ac3304a6bec28c82&goto=db_structure.php&table=account&pos=0&ajax_request=true&ajax_page_request=true&menuHashes=028f6ac1-1ffe9575-1120b573&_nocache=1421957287337465657 HTTP/1.1" 200 10245
::1 - - [22/Jan/2015:21:08:07 +0100] "GET /phpmyadmin/js/get_scripts.js.php?scripts[]=tbl_structure.js&scripts[]=gis_data_editor.js HTTP/1.1" 200 15188
::1 - - [22/Jan/2015:21:08:07 +0100] "GET /phpmyadmin/index.php?ajax_request=1&recent_table=1&token=ed856897e90a2973ac3304a6bec28c82 HTTP/1.1" 200 700
::1 - - [22/Jan/2015:21:08:09 +0100] "GET /phpmyadmin/tbl_structure.php?db=kasboekdb&table=account&token=ed856897e90a2973ac3304a6bec28c82&ajax_request=true&ajax_page_request=true&menuHashes=028f6ac1-1ffe9575-1120b573-876a34bc&_nocache=1421957289028221701 HTTP/1.1" 200 36765
::1 - - [22/Jan/2015:21:08:09 +0100] "GET /phpmyadmin/index.php?ajax_request=1&recent_table=1&token=ed856897e90a2973ac3304a6bec28c82 HTTP/1.1" 200 700
::1 - - [22/Jan/2015:21:08:20 +0100] "GET /phpmyadmin/sql.php?db=kasboekdb&table=account&token=ed856897e90a2973ac3304a6bec28c82&goto=tbl_structure.php&back=tbl_structure.php&sql_query=ALTER+TABLE+%60account%60+ADD+FULLTEXT%28%60Password%60%29%3B&message_to_show=An+index+has+been+added+on+Password&ajax_request=true&ajax_page_request=true&menuHashes=028f6ac1-1ffe9575-1120b573-876a34bc-cae57484&_nocache=1421957300372769931 HTTP/1.1" 200 40557
::1 - - [22/Jan/2015:21:08:22 +0100] "POST /phpmyadmin/navigation.php?ajax_request=1&token=ed856897e90a2973ac3304a6bec28c82 HTTP/1.1" 200 4980
::1 - - [22/Jan/2015:21:08:22 +0100] "GET /phpmyadmin/index.php?ajax_request=1&recent_table=1&token=ed856897e90a2973ac3304a6bec28c82 HTTP/1.1" 200 700
